生成启动时间为 2018/3/21 10:10:00。
     1>项目“D:\huangshan\huangshanjinggong\segmentation\segmentation\segmentation.vcxproj”在节点 2 上(Rebuild 个目标)。
     1>ClCompile:
         C:\software\vs2013\VC\bin\x86_amd64\CL.exe /c /Zi /nologo /W3 /WX- /sdl /O2 /Oi /GL /D WIN32 /D NDEBUG /D _WINDOWS /D _USRDLL /D SEGMENTATION_EXPORTS /D _WINDLL /D _UNICODE /D UNICODE /Gm- /EHsc /MD /GS /Gy /fp:precise /Zc:wchar_t /Zc:forScope /Fo"x64\Release\\" /Fd"x64\Release\vc120.pdb" /Gd /TP /errorReport:prompt dllmain.cpp test.cpp
         dllmain.cpp
         test.cpp
     1>test.cpp(138): warning C4244: “参数”: 从“double”转换到“int”，可能丢失数据
     1>test.cpp(139): warning C4244: “参数”: 从“double”转换到“int”，可能丢失数据
     1>test.cpp(146): warning C4244: “参数”: 从“double”转换到“int”，可能丢失数据
     1>test.cpp(147): warning C4244: “参数”: 从“double”转换到“int”，可能丢失数据
     1>test.cpp(164): warning C4267: “参数”: 从“size_t”转换到“int”，可能丢失数据
     1>test.cpp(173): warning C4267: “参数”: 从“size_t”转换到“int”，可能丢失数据
     1>test.cpp(251): warning C4244: “=”: 从“double”转换到“float”，可能丢失数据
     1>test.cpp(252): warning C4244: “=”: 从“double”转换到“float”，可能丢失数据
     1>test.cpp(257): warning C4244: “=”: 从“double”转换到“float”，可能丢失数据
     1>test.cpp(258): warning C4244: “=”: 从“double”转换到“float”，可能丢失数据
     1>test.cpp(301): warning C4267: “参数”: 从“size_t”转换到“int”，可能丢失数据
     1>test.cpp(409): warning C4101: “rect_temp”: 未引用的局部变量
       Link:
         C:\software\vs2013\VC\bin\x86_amd64\link.exe /ERRORREPORT:PROMPT /OUT:"D:\huangshan\huangshanjinggong\segmentation\x64\Release\segmentation.dll" /INCREMENTAL:NO /NOLOGO opencv_ml248.lib opencv_calib3d248.lib opencv_contrib248.lib opencv_core248.lib opencv_features2d248.lib opencv_flann248.lib opencv_gpu248.lib opencv_highgui248.lib opencv_imgproc248.lib opencv_legacy248.lib opencv_objdetect248.lib opencv_ts248.lib opencv_video248.lib opencv_nonfree248.lib opencv_ocl248.lib opencv_photo248.lib opencv_stitching248.lib opencv_superres248.lib opencv_videostab248.lib ViKey.lib kernel32.lib user32.lib gdi32.lib winspool.lib comdlg32.lib advapi32.lib shell32.lib ole32.lib oleaut32.lib uuid.lib odbc32.lib odbccp32.lib /MANIFEST /MANIFESTUAC:"level='asInvoker' uiAccess='false'" /manifest:embed /DEBUG /PDB:"D:\huangshan\huangshanjinggong\segmentation\x64\Release\segmentation.pdb" /SUBSYSTEM:WINDOWS /OPT:REF /OPT:ICF /LTCG /TLBID:1 /DYNAMICBASE /NXCOMPAT /IMPLIB:"D:\huangshan\huangshanjinggong\segmentation\x64\Release\segmentation.lib" /MACHINE:X64 /DLL x64\Release\dllmain.obj
         x64\Release\test.obj
            正在创建库 D:\huangshan\huangshanjinggong\segmentation\x64\Release\segmentation.lib 和对象 D:\huangshan\huangshanjinggong\segmentation\x64\Release\segmentation.exp
         正在生成代码
         已完成代码的生成
         segmentation.vcxproj -> D:\huangshan\huangshanjinggong\segmentation\x64\Release\segmentation.dll
     1>已完成生成项目“D:\huangshan\huangshanjinggong\segmentation\segmentation\segmentation.vcxproj”(Rebuild 个目标)的操作。

生成成功。

已用时间 00:00:03.50
